<?xml version="1.0" encoding="UTF-8"?>
<!-- Generated by org.testng.reporters.JUnitXMLReporter -->
<testsuite ignored="0" hostname="digvijay-HP" failures="0" tests="2" name="Orange HRM Test Automation" time="77.642" errors="0" timestamp="2024-09-14T18:58:58 IST">
  <testcase classname="com.orange.hrm.qa.pagesTest.EmployeePageTest" name="tc_hrm_employees_002" time="42.361"/>
  <testcase classname="com.orange.hrm.qa.pagesTest.PIMPageTest" name="tc_hrm_employees_003" time="23.092"/>
</testsuite> <!-- Orange HRM Test Automation -->
