<?xml version="1.0" encoding="UTF-8"?>
<!-- Generated by org.testng.reporters.JUnitXMLReporter -->
<testsuite ignored="0" hostname="digvijay-HP" failures="0" tests="2" name="Surefire test" time="78.332" errors="0" timestamp="2024-09-12T23:45:11 IST">
  <testcase classname="com.orange.hrm.qa.pagesTest.PIMPageTest" name="tc_hrm_employees_003" time="22.694"/>
  <testcase classname="com.orange.hrm.qa.pagesTest.EmployeePageTest" name="tc_hrm_employees_002" time="42.401"/>
</testsuite> <!-- Surefire test -->
