<?xml version="1.0" encoding="UTF-8"?>
<testng-results ignored="0" total="2" passed="2" failed="0" skipped="0">
  <reporter-output>
  </reporter-output>
  <suite started-at="2024-09-12T23:43:53 IST" name="Surefire suite" finished-at="2024-09-12T23:45:11 IST" duration-ms="78332">
    <groups>
    </groups>
    <test started-at="2024-09-12T23:43:53 IST" name="Surefire test" finished-at="2024-09-12T23:45:11 IST" duration-ms="78332">
      <class name="com.orange.hrm.qa.pagesTest.EmployeePageTest">
        <test-method is-config="true" signature="setUp()[pri:0, instance:com.orange.hrm.qa.pagesTest.EmployeePageTest@5b3f61ff]" started-at="2024-09-12T23:44:24 IST" name="setUp" finished-at="2024-09-12T23:44:29 IST" duration-ms="5122" status="PASS">
          <reporter-output>
          </reporter-output>
        </test-method> <!-- setUp -->
        <test-method signature="tc_hrm_employees_002()[pri:0, instance:com.orange.hrm.qa.pagesTest.EmployeePageTest@5b3f61ff]" started-at="2024-09-12T23:44:29 IST" name="tc_hrm_employees_002" finished-at="2024-09-12T23:45:11 IST" duration-ms="42401" status="PASS">
          <reporter-output>
          </reporter-output>
        </test-method> <!-- tc_hrm_employees_002 -->
        <test-method is-config="true" signature="tearDown()[pri:0, instance:com.orange.hrm.qa.pagesTest.EmployeePageTest@5b3f61ff]" started-at="2024-09-12T23:45:11 IST" name="tearDown" finished-at="2024-09-12T23:45:11 IST" duration-ms="171" status="PASS">
          <reporter-output>
          </reporter-output>
        </test-method> <!-- tearDown -->
      </class> <!-- com.orange.hrm.qa.pagesTest.EmployeePageTest -->
      <class name="com.orange.hrm.qa.pagesTest.PIMPageTest">
        <test-method is-config="true" signature="setUp()[pri:0, instance:com.orange.hrm.qa.pagesTest.PIMPageTest@57ad2aa7]" started-at="2024-09-12T23:43:53 IST" name="setUp" finished-at="2024-09-12T23:44:01 IST" duration-ms="7484" status="PASS">
          <reporter-output>
          </reporter-output>
        </test-method> <!-- setUp -->
        <test-method signature="tc_hrm_employees_003()[pri:0, instance:com.orange.hrm.qa.pagesTest.PIMPageTest@57ad2aa7]" started-at="2024-09-12T23:44:01 IST" name="tc_hrm_employees_003" finished-at="2024-09-12T23:44:23 IST" duration-ms="22694" status="PASS">
          <reporter-output>
          </reporter-output>
        </test-method> <!-- tc_hrm_employees_003 -->
        <test-method is-config="true" signature="tearDown()[pri:0, instance:com.orange.hrm.qa.pagesTest.PIMPageTest@57ad2aa7]" started-at="2024-09-12T23:44:23 IST" name="tearDown" finished-at="2024-09-12T23:44:24 IST" duration-ms="364" status="PASS">
          <reporter-output>
          </reporter-output>
        </test-method> <!-- tearDown -->
      </class> <!-- com.orange.hrm.qa.pagesTest.PIMPageTest -->
    </test> <!-- Surefire test -->
  </suite> <!-- Surefire suite -->
</testng-results>
