<?xml version="1.0" encoding="UTF-8"?>
<testsuite xmlns:xsi="http://www.w3.org/2001/XMLSchema-instance" xsi:noNamespaceSchemaLocation="https://maven.apache.org/surefire/maven-surefire-plugin/xsd/surefire-test-report-3.0.xsd" version="3.0" name="TestSuite" time="78.925" tests="2" errors="0" skipped="0" failures="0">
  <properties>
[...]
</properties>
  <testcase name="tc_hrm_employees_003" classname="com.orange.hrm.qa.pagesTest.PIMPageTest" time="22.685">
    <system-out><![CDATA[[INFO ] 2024-09-12 23:44:00.931 [main] Log - Browser launched on tthe Chrome
[INFO ] 2024-09-12 23:44:06.267 [main] Log - Entered Username is --->Admin
[INFO ] 2024-09-12 23:44:06.334 [main] Log - Entered password is --->admin123
[INFO ] 2024-09-12 23:44:07.448 [main] Log - clicked on Login Button
[INFO ] 2024-09-12 23:44:07.458 [main] Log - Logged in Successfully
[INFO ] 2024-09-12 23:44:13.217 [main] Log - clicked on PIM feature
[INFO ] 2024-09-12 23:44:18.768 [main] Log - clicked on Add Employee button
]]></system-out>
    <system-err><![CDATA[SLF4J: Failed to load class "org.slf4j.impl.StaticLoggerBinder".
SLF4J: Defaulting to no-operation (NOP) logger implementation
SLF4J: See http://www.slf4j.org/codes.html#StaticLoggerBinder for further details.
Starting ChromeDriver 127.0.6533.119 (bdef6783a05f0b3f885591e7d2c7b2aec1a89dea-refs/branch-heads/6533@{#1999}) on port 41101
Only local connections are allowed.
Please see https://chromedriver.chromium.org/security-considerations for suggestions on keeping ChromeDriver safe.
ChromeDriver was started successfully.
Sep 12, 2024 11:43:57 PM org.openqa.selenium.remote.ProtocolHandshake createSession
INFO: Detected dialect: W3C
Sep 12, 2024 11:43:57 PM org.openqa.selenium.devtools.CdpVersionFinder findNearestMatch
WARNING: Unable to find an exact match for CDP version 127, so returning the closest version found: a no-op implementation
Sep 12, 2024 11:43:57 PM org.openqa.selenium.devtools.CdpVersionFinder findNearestMatch
INFO: Unable to find CDP implementation matching 127.
Sep 12, 2024 11:43:57 PM org.openqa.selenium.chromium.ChromiumDriver lambda$new$3
WARNING: Unable to find version of CDP to use for . You may need to include a dependency on a specific version of the CDP using something similar to `org.seleniumhq.selenium:selenium-devtools-v86:4.1.2` where the version ("v86") matches the version of the chromium-based browser you're using and the version number of the artifact is the same as Selenium's.
]]></system-err>
  </testcase>
  <testcase name="tc_hrm_employees_002" classname="com.orange.hrm.qa.pagesTest.EmployeePageTest" time="42.401">
    <system-out><![CDATA[[INFO ] 2024-09-12 23:44:24.102 [main] Log - Extent Report is generated at /home/digvijay/Venkatesh_WorkSapce/Orange_HRM_Test_Automatiom_Framework//Reports//AutomationExtentReport.html
[INFO ] 2024-09-12 23:44:29.325 [main] Log - Browser launched on tthe Chrome
[INFO ] 2024-09-12 23:44:34.430 [main] Log - Entered Username is --->Admin
[INFO ] 2024-09-12 23:44:34.495 [main] Log - Entered password is --->admin123
[INFO ] 2024-09-12 23:44:34.548 [main] Log - clicked on Login Button
[INFO ] 2024-09-12 23:44:35.714 [main] Log - Home Page Title after login successfully--->OrangeHRM
[INFO ] 2024-09-12 23:44:46.512 [main] Log - clicked on PIM ---> PIM
[INFO ] 2024-09-12 23:45:11.731 [main] Log - List of WebElement on PIM Page is Validated
]]></system-out>
    <system-err><![CDATA[Starting ChromeDriver 127.0.6533.119 (bdef6783a05f0b3f885591e7d2c7b2aec1a89dea-refs/branch-heads/6533@{#1999}) on port 52806
Only local connections are allowed.
Please see https://chromedriver.chromium.org/security-considerations for suggestions on keeping ChromeDriver safe.
ChromeDriver was started successfully.
Sep 12, 2024 11:44:26 PM org.openqa.selenium.remote.ProtocolHandshake createSession
INFO: Detected dialect: W3C
Sep 12, 2024 11:44:26 PM org.openqa.selenium.devtools.CdpVersionFinder findNearestMatch
WARNING: Unable to find an exact match for CDP version 127, so returning the closest version found: a no-op implementation
Sep 12, 2024 11:44:26 PM org.openqa.selenium.devtools.CdpVersionFinder findNearestMatch
INFO: Unable to find CDP implementation matching 127.
Sep 12, 2024 11:44:26 PM org.openqa.selenium.chromium.ChromiumDriver lambda$new$3
WARNING: Unable to find version of CDP to use for . You may need to include a dependency on a specific version of the CDP using something similar to `org.seleniumhq.selenium:selenium-devtools-v86:4.1.2` where the version ("v86") matches the version of the chromium-based browser you're using and the version number of the artifact is the same as Selenium's.
]]></system-err>
  </testcase>
</testsuite>